TN:
SF:script.js
FN:30,setAppState
FN:36,renderState
FN:64,(anonymous_2)
FN:73,(anonymous_3)
FN:80,(anonymous_4)
FN:89,handleSend
FN:172,setSafeContent
FN:181,(anonymous_7)
FN:189,appendMessage
FN:226,(anonymous_9)
FN:244,removeMessage
FN:249,setInputState
FN:260,sendMessage
FN:266,(anonymous_13)
FNF:14
FNH:4
FNDA:0,setAppState
FNDA:0,renderState
FNDA:0,(anonymous_2)
FNDA:0,(anonymous_3)
FNDA:0,(anonymous_4)
FNDA:0,handleSend
FNDA:16,setSafeContent
FNDA:16,(anonymous_7)
FNDA:10,appendMessage
FNDA:3,(anonymous_9)
FNDA:0,removeMessage
FNDA:0,setInputState
FNDA:0,sendMessage
FNDA:0,(anonymous_13)
DA:1,3
DA:2,3
DA:5,3
DA:9,3
DA:11,3
DA:12,3
DA:13,3
DA:14,3
DA:15,3
DA:16,3
DA:17,3
DA:21,3
DA:28,3
DA:31,0
DA:32,0
DA:33,0
DA:37,0
DA:40,0
DA:42,0
DA:44,0
DA:45,0
DA:46,0
DA:48,0
DA:49,0
DA:50,0
DA:52,0
DA:53,0
DA:54,0
DA:57,0
DA:58,0
DA:59,0
DA:64,3
DA:65,0
DA:66,0
DA:67,0
DA:68,0
DA:69,0
DA:73,3
DA:74,0
DA:75,0
DA:76,0
DA:80,3
DA:81,0
DA:82,0
DA:83,0
DA:87,3
DA:90,0
DA:91,0
DA:94,0
DA:95,0
DA:96,0
DA:99,0
DA:100,0
DA:102,0
DA:105,0
DA:107,0
DA:108,0
DA:111,0
DA:113,0
DA:115,0
DA:116,0
DA:117,0
DA:118,0
DA:119,0
DA:124,0
DA:126,0
DA:127,0
DA:132,0
DA:133,0
DA:136,0
DA:140,0
DA:141,0
DA:144,0
DA:145,0
DA:150,0
DA:153,0
DA:155,0
DA:158,0
DA:159,0
DA:160,0
DA:161,0
DA:163,0
DA:164,0
DA:166,0
DA:168,0
DA:173,16
DA:174,16
DA:177,16
DA:178,0
DA:181,16
DA:182,16
DA:183,0
DA:185,16
DA:190,10
DA:191,10
DA:192,10
DA:193,10
DA:195,10
DA:196,10
DA:197,10
DA:199,10
DA:200,10
DA:203,10
DA:206,10
DA:208,6
DA:209,6
DA:212,6
DA:213,6
DA:214,6
DA:215,6
DA:216,6
DA:219,6
DA:220,6
DA:221,6
DA:222,6
DA:223,6
DA:226,6
DA:227,3
DA:228,3
DA:229,3
DA:230,3
DA:234,10
DA:235,10
DA:236,10
DA:239,10
DA:241,10
DA:245,0
DA:246,0
DA:250,0
DA:251,0
DA:253,0
DA:254,0
DA:256,0
DA:261,0
DA:266,0
DA:267,0
DA:270,0
DA:271,0
DA:274,0
DA:280,0
DA:281,0
DA:284,0
DA:287,0
DA:289,0
DA:298,0
DA:307,0
DA:308,0
DA:309,0
DA:310,0
DA:312,0
DA:316,0
DA:317,0
DA:318,0
DA:322,3
DA:323,3
LF:155
LH:58
BRDA:9,0,0,3
BRDA:9,0,1,3
BRDA:37,1,0,0
BRDA:37,1,1,0
BRDA:42,2,0,0
BRDA:42,2,1,0
BRDA:42,2,2,0
BRDA:42,2,3,0
BRDA:42,2,4,0
BRDA:76,3,0,0
BRDA:76,3,1,0
BRDA:81,4,0,0
BRDA:81,4,1,0
BRDA:81,5,0,0
BRDA:81,5,1,0
BRDA:91,6,0,0
BRDA:91,6,1,0
BRDA:99,7,0,0
BRDA:99,7,1,0
BRDA:113,8,0,0
BRDA:113,8,1,0
BRDA:118,9,0,0
BRDA:118,9,1,0
BRDA:118,10,0,0
BRDA:118,10,1,0
BRDA:118,10,2,0
BRDA:124,11,0,0
BRDA:124,11,1,0
BRDA:126,12,0,0
BRDA:126,12,1,0
BRDA:132,13,0,0
BRDA:132,13,1,0
BRDA:140,14,0,0
BRDA:140,14,1,0
BRDA:140,15,0,0
BRDA:140,15,1,0
BRDA:144,16,0,0
BRDA:144,16,1,0
BRDA:145,17,0,0
BRDA:145,17,1,0
BRDA:145,17,2,0
BRDA:146,18,0,0
BRDA:146,18,1,0
BRDA:153,19,0,0
BRDA:153,19,1,0
BRDA:160,20,0,0
BRDA:160,20,1,0
BRDA:160,21,0,0
BRDA:160,21,1,0
BRDA:164,22,0,0
BRDA:164,22,1,0
BRDA:173,23,0,16
BRDA:173,23,1,0
BRDA:182,24,0,0
BRDA:182,24,1,16
BRDA:189,25,0,4
BRDA:189,26,0,4
BRDA:189,27,0,4
BRDA:206,28,0,6
BRDA:206,28,1,4
BRDA:206,29,0,10
BRDA:206,29,1,6
BRDA:228,30,0,3
BRDA:228,30,1,0
BRDA:229,31,0,3
BRDA:229,31,1,0
BRDA:230,32,0,3
BRDA:230,32,1,0
BRDA:246,33,0,0
BRDA:246,33,1,0
BRDA:253,34,0,0
BRDA:253,34,1,0
BRDA:270,35,0,0
BRDA:270,35,1,0
BRDA:280,36,0,0
BRDA:280,36,1,0
BRDA:287,37,0,0
BRDA:287,37,1,0
BRDA:287,38,0,0
BRDA:287,38,1,0
BRDA:287,38,2,0
BRDA:291,39,0,0
BRDA:291,39,1,0
BRDA:322,40,0,3
BRDA:322,40,1,0
BRDA:322,41,0,3
BRDA:322,41,1,3
BRF:87
BRH:17
end_of_record
